Added Component: Designator=P1(Header 23x2)
Added Component: Designator=P2(Header 23x2)
Added Pin To Net: NetName=GND Pin=P1-1
Added Pin To Net: NetName=GND Pin=P1-2
Added Pin To Net: NetName=3.3V Pin=P1-3
Added Pin To Net: NetName=3.3V Pin=P1-4
Added Pin To Net: NetName=5V Pin=P1-5
Added Pin To Net: NetName=5V Pin=P1-6
Added Pin To Net: NetName=NetP1_23 Pin=P1-23
Added Pin To Net: NetName=NetP1_24 Pin=P1-24
Added Pin To Net: NetName=NetP1_26 Pin=P1-26
Added Pin To Net: NetName=AIN_2 Pin=P1-37
Added Pin To Net: NetName=AIN_3 Pin=P1-38
Added Pin To Net: NetName=AIN_0 Pin=P1-39
Added Pin To Net: NetName=AIN_1 Pin=P1-40
Added Pin To Net: NetName=GND Pin=P1-43
Added Pin To Net: NetName=GND Pin=P1-44
Added Pin To Net: NetName=GND Pin=P1-45
Added Pin To Net: NetName=GND Pin=P1-46
Added Pin To Net: NetName=GND Pin=P2-1
Added Pin To Net: NetName=GND Pin=P2-2
Added Pin To Net: NetName=LCD_VSYNC Pin=P2-27
Added Pin To Net: NetName=LCD_PCLK Pin=P2-28
Added Pin To Net: NetName=LCD_HSYNC Pin=P2-29
Added Pin To Net: NetName=LCD_AC_BIAS Pin=P2-30
Added Pin To Net: NetName=LCD_DATA_14 Pin=P2-31
Added Pin To Net: NetName=LCD_DATA_15 Pin=P2-32
Added Pin To Net: NetName=LCD_DATA_12 Pin=P2-33
Added Pin To Net: NetName=LCD_DATA_13 Pin=P2-34
Added Pin To Net: NetName=LCD_DATA_10 Pin=P2-35
Added Pin To Net: NetName=LCD_DATA_11 Pin=P2-36
Added Pin To Net: NetName=LCD_DATA_8 Pin=P2-37
Added Pin To Net: NetName=LCD_DATA_9 Pin=P2-38
Added Pin To Net: NetName=LCD_DATA_6 Pin=P2-39
Added Pin To Net: NetName=LCD_DATA_7 Pin=P2-40
Added Pin To Net: NetName=LCD_DATA_4 Pin=P2-41
Added Pin To Net: NetName=LCD_DATA_5 Pin=P2-42
Added Pin To Net: NetName=LCD_DATA_2 Pin=P2-43
Added Pin To Net: NetName=LCD_DATA_3 Pin=P2-44
Added Pin To Net: NetName=LCD_DATA_0 Pin=P2-45
Added Pin To Net: NetName=LCD_DATA_1 Pin=P2-46
Added Member To Class: ClassName=LCD Cape Member=Component P1 Header 23x2
Added Member To Class: ClassName=LCD Cape Member=Component P2 Header 23x2
