Change Value of Parameter Built_By in Part C2 Old=EMA_UL_Team New=Luka & Émile
Change Value of Parameter Copyright in Part C2 Old=Copyright (C) 2018 Accelerated Designs. All rights reserved New=Luka & Émile
Change Value of Parameter Manufacturer_Name in Part C2 Old= New=KOA Speer Electronics, Inc.
Change Value of Parameter Built_By in Part C3 Old=EMA_UL_Team New=Luka & Émile
Change Value of Parameter Copyright in Part C3 Old=Copyright (C) 2018 Accelerated Designs. All rights reserved New=Luka & Émile
Change Value of Parameter Built_By in Part C4 Old=EMA_UL_Team New=Luka & Émile
Change Value of Parameter Copyright in Part C4 Old=Copyright (C) 2018 Accelerated Designs. All rights reserved New=Luka & Émile
Change Value of Parameter Built_By in Part C5 Old=EMA_UL_Team New=Luka & Émile
Change Value of Parameter Copyright in Part C5 Old=Copyright (C) 2018 Accelerated Designs. All rights reserved New=Luka & Émile
Change Value of Parameter Built_By in Part C6 Old=EMA_UL_Team New=Luka & Émile
Change Value of Parameter Copyright in Part C6 Old=Copyright (C) 2018 Accelerated Designs. All rights reserved New=Luka & Émile
Change Value of Parameter Built_By in Part C7 Old=EMA_UL_Team New=Luka & Émile
Change Value of Parameter Copyright in Part C7 Old=Copyright (C) 2018 Accelerated Designs. All rights reserved New=Luka & Émile
Change Value of Parameter Built_By in Part C8 Old=EMA_UL_Team New=Luka & Émile
Change Value of Parameter Copyright in Part C8 Old=Copyright (C) 2018 Accelerated Designs. All rights reserved New=Luka & Émile
Change Value of Parameter Built_By in Part C9 Old=EMA_UL_Team New=Luka & Émile
Change Value of Parameter Copyright in Part C9 Old=Copyright (C) 2018 Accelerated Designs. All rights reserved New=Luka & Émile
Change Value of Parameter Built_By in Part C10 Old=EMA_UL_Team New=Luka & Émile
Change Value of Parameter Copyright in Part C10 Old=Copyright (C) 2018 Accelerated Designs. All rights reserved New=Luka & Émile
Change Value of Parameter Manufacturer_Name in Part C10 Old= New=KOA Speer Electronics, Inc.
Change Value of Parameter Built_By in Part C11 Old=EMA_UL_Team New=Luka & Émile
Change Value of Parameter Copyright in Part C11 Old=Copyright (C) 2018 Accelerated Designs. All rights reserved New=Luka & Émile
Change Value of Parameter Built_By in Part C12 Old=EMA_UL_Team New=Luka & Émile
Change Value of Parameter Copyright in Part C12 Old=Copyright (C) 2018 Accelerated Designs. All rights reserved New=Luka & Émile
Change Value of Parameter Built_By in Part C20 Old=EMA_UL_Team New=Luka & Émile
Change Value of Parameter Copyright in Part C20 Old=Copyright (C) 2018 Accelerated Designs. All rights reserved New=Luka & Émile
Change Value of Parameter Built_By in Part C21 Old=EMA_UL_Team New=Luka & Émile
Change Value of Parameter Copyright in Part C21 Old=Copyright (C) 2018 Accelerated Designs. All rights reserved New=Luka & Émile
Change Value of Parameter Built_By in Part C22 Old=EMA_UL_Team New=Luka & Émile
Change Value of Parameter Copyright in Part C22 Old=Copyright (C) 2018 Accelerated Designs. All rights reserved New=Luka & Émile
Change Value of Parameter Built_By in Part R1 Old=EMA_Cory New=Luka & Émile
Change Value of Parameter Copyright in Part R1 Old=Copyright (C) 2018 Accelerated Designs. All rights reserved New=Luka & Émile
Change Value of Parameter Built_By in Part R3 Old=EMA_Cory New=Luka & Émile
Change Value of Parameter Copyright in Part R3 Old=Copyright (C) 2018 Accelerated Designs. All rights reserved New=Luka & Émile
Change Value of Parameter Built_By in Part R4 Old=EMA_Cory New=Luka & Émile
Change Value of Parameter Copyright in Part R4 Old=Copyright (C) 2018 Accelerated Designs. All rights reserved New=Luka & Émile
Change Value of Parameter Built_By in Part R5 Old=EMA_Cory New=Luka & Émile
Change Value of Parameter Copyright in Part R5 Old=Copyright (C) 2018 Accelerated Designs. All rights reserved New=Luka & Émile
Change Value of Parameter Built_By in Part R6 Old=EMA_Cory New=Luka & Émile
Change Value of Parameter Copyright in Part R6 Old=Copyright (C) 2018 Accelerated Designs. All rights reserved New=Luka & Émile
Change Value of Parameter Built_By in Part R7 Old=EMA_Cory New=Luka & Émile
Change Value of Parameter Copyright in Part R7 Old=Copyright (C) 2018 Accelerated Designs. All rights reserved New=Luka & Émile
Change Value of Parameter Built_By in Part R8 Old=EMA_Cory New=Luka & Émile
Change Value of Parameter Copyright in Part R8 Old=Copyright (C) 2018 Accelerated Designs. All rights reserved New=Luka & Émile
Change Value of Parameter Built_By in Part R9 Old=EMA_Cory New=Luka & Émile
Change Value of Parameter Copyright in Part R9 Old=Copyright (C) 2018 Accelerated Designs. All rights reserved New=Luka & Émile
Change Value of Parameter Built_By in Part R13 Old=EMA_Cory New=Luka & Émile
Change Value of Parameter Copyright in Part R13 Old=Copyright (C) 2018 Accelerated Designs. All rights reserved New=Luka & Émile
Change Value of Parameter Built_By in Part R16 Old=EMA_Cory New=Luka & Émile
Change Value of Parameter Copyright in Part R16 Old=Copyright (C) 2018 Accelerated Designs. All rights reserved New=Luka & Émile
Change Value of Parameter Built_By in Part R17 Old=EMA_Cory New=Luka & Émile
Change Value of Parameter Copyright in Part R17 Old=Copyright (C) 2018 Accelerated Designs. All rights reserved New=Luka & Émile
Change Value of Parameter Built_By in Part R18 Old=EMA_Cory New=Luka & Émile
Change Value of Parameter Copyright in Part R18 Old=Copyright (C) 2018 Accelerated Designs. All rights reserved New=Luka & Émile
Change Value of Parameter Built_By in Part R19 Old=EMA_Cory New=Luka & Émile
Change Value of Parameter Copyright in Part R19 Old=Copyright (C) 2018 Accelerated Designs. All rights reserved New=Luka & Émile
Change Value of Parameter Built_By in Part U1 Old=EMA_UL_Team New=Luka & Émile
Change Value of Parameter Copyright in Part U1 Old=Copyright (C) 2018 Accelerated Designs. All rights reserved New=Luka & Émile
Change Value of Parameter Built_By in Part U3 Old=EMA_UL_Team New=Luka & Émile
Change Value of Parameter Copyright in Part U3 Old=Copyright (C) 2018 Accelerated Designs. All rights reserved New=Luka & Émile
Added Parameter Built_By=Luka & Émile to Part D1
Added Parameter Built_By=Luka & Émile to Part J1
Added Parameter Built_By=Luka & Émile to Part J2
Added Parameter Built_By=Luka & Émile to Part J3
Added Parameter Built_By=Luka & Émile to Part J5
Added Parameter Built_By=Luka & Émile to Part RST
Added Parameter Built_By=Luka & Émile to Part U4
Added Parameter Built_By=Luka & Émile to Part Y1
Added Parameter Copyright=Luka & Émile to Part D1
Added Parameter Copyright=Luka & Émile to Part J1
Added Parameter Copyright=Luka & Émile to Part J2
Added Parameter Copyright=Luka & Émile to Part J3
Added Parameter Copyright=Luka & Émile to Part J5
Added Parameter Copyright=Luka & Émile to Part RST
Added Parameter Copyright=Luka & Émile to Part U4
Added Parameter Copyright=Luka & Émile to Part Y1
Added Parameter Datasheet Link=https://www.samsungsem.com/resources/file/global/support/product_catalog/MLCC.pdf to Part C5
Added Parameter Datasheet Link=https://www.samsungsem.com/resources/file/global/support/product_catalog/MLCC.pdf to Part C6
Added Parameter Datasheet Link=https://www.samsungsem.com/resources/file/global/support/product_catalog/MLCC.pdf to Part C9
Added Parameter Manufacturer_Name=KOA Speer Electronics, Inc. to Part C3
Added Parameter Manufacturer_Name=KOA Speer Electronics, Inc. to Part C4
Added Parameter Manufacturer_Name=KOA Speer Electronics, Inc. to Part C8
Added Parameter Manufacturer_Name=KOA Speer Electronics, Inc. to Part C20
Added Parameter Manufacturer_Name=KOA Speer Electronics, Inc. to Part C21
Added Parameter Manufacturer_Name=Samsung Electro-Mechanics to Part C5
Added Parameter Manufacturer_Name=Samsung Electro-Mechanics to Part C6
Added Parameter Manufacturer_Name=Samsung Electro-Mechanics to Part C9
