Removed Parameter Height:1.8mm from Part D1
Removed Parameter Height:1.295mm from Part U4
Removed Parameter Height:6.1mm from Part J2
Removed Parameter Height:6.1mm from Part J3
Removed Parameter LatestRevisionDate:17-Jul-2002 from Part J1
Removed Parameter LatestRevisionDate:17-Jul-2002 from Part J5
Removed Parameter LatestRevisionDate:17-Jul-2002 from Part Y1
Removed Parameter LatestRevisionNote:Re-released for DXP Platform. from Part J1
Removed Parameter LatestRevisionNote:Re-released for DXP Platform. from Part J5
Removed Parameter LatestRevisionNote:Re-released for DXP Platform. from Part Y1
Removed Parameter Mouser Part Number:710-150505M173300 from Part D1
Removed Parameter Mouser Part Number: from Part C2
Removed Parameter Mouser Part Number: from Part C10
Removed Parameter Mouser Part Number: from Part J2
Removed Parameter Mouser Part Number: from Part J3
Removed Parameter Mouser Part Number: from Part U4
Removed Parameter Mouser Price/Stock: from Part J2
Removed Parameter Mouser Price/Stock: from Part J3
Removed Parameter Mouser Price/Stock: from Part U4
Removed Parameter Mouser Price/Stock:https://www.mouser.com/Search/Refine.aspx?Keyword=710-150505M173300 from Part D1
Removed Parameter PackageDescription:Crystal, Thru-Hole; 2 Leads; Body 3.1 x 8.2 mm (Dia.xH) from Part Y1
Removed Parameter PackageReference:R38 from Part Y1
Removed Parameter Published:8-Jun-2000 from Part Y1
Removed Parameter Publisher:Altium Limited from Part J1
Removed Parameter Publisher:Altium Limited from Part J5
Removed Parameter Publisher:Altium Limited from Part Y1
Removed Parameter RS Part Number:1766248P from Part D1
Removed Parameter RS Part Number: from Part J2
Removed Parameter RS Part Number: from Part J3
Removed Parameter RS Part Number: from Part U4
Removed Parameter RS Price/Stock: from Part J2
Removed Parameter RS Price/Stock: from Part J3
Removed Parameter RS Price/Stock: from Part U4
Removed Parameter RS Price/Stock:http://uk.rs-online.com/web/p/products/1766248P from Part D1
Change Value of Parameter Manufacturer_Name in Part C2 Old=KOA Speer Electronics, Inc. New=KEMET
Change Value of Parameter Manufacturer_Part_Number in Part C2 Old=12065A820JAT2A New=C0603C104Z3VACTU
Change Value of Parameter Vendor in Part C2 Old=AVX Corporation New=https://www.digikey.ca/product-detail/en/C0603C104Z3VACTU/399-1100-1-ND/411375/?itemSeq=321556474
Change Value of Parameter Manufacturer_Name in Part C3 Old=KOA Speer Electronics, Inc. New=KEMET
Change Value of Parameter Manufacturer_Part_Number in Part C3 Old=12065A820JAT2A New=C0603C104Z3VACTU
Change Value of Parameter Vendor in Part C3 Old=AVX Corporation New=https://www.digikey.ca/product-detail/en/C0603C104Z3VACTU/399-1100-1-ND/411375/?itemSeq=321556474
Change Value of Parameter Manufacturer_Name in Part C4 Old=KOA Speer Electronics, Inc. New=KEMET
Change Value of Parameter Manufacturer_Part_Number in Part C4 Old=12065A820JAT2A New=C0603C104Z3VACTU
Change Value of Parameter Vendor in Part C4 Old=AVX Corporation New=https://www.digikey.ca/product-detail/en/C0603C104Z3VACTU/399-1100-1-ND/411375/?itemSeq=321556474
Change Value of Parameter Manufacturer_Part_Number in Part C5 Old=12065A820JAT2A New=CL10A105KA8NNNC
Change Value of Parameter Vendor in Part C5 Old=AVX Corporation New=https://www.digikey.ca/product-detail/en/CL10A105KA8NNNC/1276-1102-1-ND/3889188/?itemSeq=321556777
Change Value of Parameter Manufacturer_Part_Number in Part C6 Old=12065A820JAT2A New=CL10A105KA8NNNC
Change Value of Parameter Vendor in Part C6 Old=AVX Corporation New=https://www.digikey.ca/product-detail/en/CL10A105KA8NNNC/1276-1102-1-ND/3889188/?itemSeq=321556777
Change Value of Parameter Manufacturer_Part_Number in Part C7 Old=12065A820JAT2A New=
Change Value of Parameter Vendor in Part C7 Old=AVX Corporation New=
Change Value of Parameter Manufacturer_Name in Part C8 Old=KOA Speer Electronics, Inc. New=KEMET
Change Value of Parameter Manufacturer_Part_Number in Part C8 Old=12065A820JAT2A New=C0603C104Z3VACTU
Change Value of Parameter Vendor in Part C8 Old=AVX Corporation New=https://www.digikey.ca/product-detail/en/C0603C104Z3VACTU/399-1100-1-ND/411375/?itemSeq=321556474
Change Value of Parameter Manufacturer_Part_Number in Part C9 Old=12065A820JAT2A New=CL10A105KA8NNNC
Change Value of Parameter Vendor in Part C9 Old=AVX Corporation New=https://www.digikey.ca/product-detail/en/CL10A105KA8NNNC/1276-1102-1-ND/3889188/?itemSeq=321556777
Change Value of Parameter Manufacturer_Name in Part C10 Old=KOA Speer Electronics, Inc. New=KEMET
Change Value of Parameter Manufacturer_Part_Number in Part C10 Old=12065A820JAT2A New=C0603C104Z3VACTU
Change Value of Parameter Vendor in Part C10 Old=AVX Corporation New=https://www.digikey.ca/product-detail/en/C0603C104Z3VACTU/399-1100-1-ND/411375/?itemSeq=321556474
Change Value of Parameter Manufacturer_Part_Number in Part C11 Old=12065A820JAT2A New=
Change Value of Parameter Vendor in Part C11 Old=AVX Corporation New=
Change Value of Parameter Manufacturer_Part_Number in Part C12 Old=12065A820JAT2A New=
Change Value of Parameter Vendor in Part C12 Old=AVX Corporation New=
Change Value of Parameter Manufacturer_Name in Part C20 Old=KOA Speer Electronics, Inc. New=KEMET
Change Value of Parameter Manufacturer_Part_Number in Part C20 Old=12065A820JAT2A New=C0603C104Z3VACTU
Change Value of Parameter Vendor in Part C20 Old=AVX Corporation New=https://www.digikey.ca/product-detail/en/C0603C104Z3VACTU/399-1100-1-ND/411375/?itemSeq=321556474
Change Value of Parameter Manufacturer_Name in Part C21 Old=KOA Speer Electronics, Inc. New=KEMET
Change Value of Parameter Manufacturer_Part_Number in Part C21 Old=12065A820JAT2A New=C0603C104Z3VACTU
Change Value of Parameter Vendor in Part C21 Old=AVX Corporation New=https://www.digikey.ca/product-detail/en/C0603C104Z3VACTU/399-1100-1-ND/411375/?itemSeq=321556474
Change Value of Parameter Manufacturer_Part_Number in Part C22 Old=12065A820JAT2A New=
Change Value of Parameter Vendor in Part C22 Old=AVX Corporation New=
Change Value of Parameter Datasheet Link in Part D1 Old=https://katalog.we-online.de/led/datasheet/150505M173300.pdf New=https://www.we-online.de/katalog/datasheet/150505M173300.pdf
Change Value of Parameter Manufacturer_Name in Part J2 Old=JST (JAPAN SOLDERLESS TERMINALS) New=JST Sales America Inc.
Change Value of Parameter Manufacturer_Name in Part J3 Old=JST (JAPAN SOLDERLESS TERMINALS) New=JST Sales America Inc.
Change Value of Parameter Manufacturer_Part_Number in Part R1 Old=ERJ8CWFR024V New=
Change Value of Parameter Vendor in Part R1 Old=Panasonic New=
Change Value of Parameter Manufacturer_Part_Number in Part R3 Old=ERJ8CWFR024V New=RMCF0603JT10K0
Change Value of Parameter Vendor in Part R3 Old=Panasonic New=https://www.digikey.ca/product-detail/en/RMCF0603JT10K0/RMCF0603JT10K0CT-ND/1943191/?itemSeq=321633246
Change Value of Parameter Manufacturer_Part_Number in Part R4 Old=ERJ8CWFR024V New=RMCF0603JT10K0
Change Value of Parameter Vendor in Part R4 Old=Panasonic New=https://www.digikey.ca/product-detail/en/RMCF0603JT10K0/RMCF0603JT10K0CT-ND/1943191/?itemSeq=321633246
Change Value of Parameter Manufacturer_Part_Number in Part R5 Old=ERJ8CWFR024V New=MCR03ERTJ3R3
Change Value of Parameter Vendor in Part R5 Old=Panasonic New=https://www.digikey.ca/product-detail/en/MCR03ERTJ3R3/RHM3.3CGCT-ND/4084417/?itemSeq=321633671
Change Value of Parameter Manufacturer_Part_Number in Part R6 Old=ERJ8CWFR024V New=
Change Value of Parameter Vendor in Part R6 Old=Panasonic New=
Change Value of Parameter Manufacturer_Part_Number in Part R7 Old=ERJ8CWFR024V New=MCR03ERTJ3R3
Change Value of Parameter Vendor in Part R7 Old=Panasonic New=https://www.digikey.ca/product-detail/en/MCR03ERTJ3R3/RHM3.3CGCT-ND/4084417/?itemSeq=321633671
Change Value of Parameter Manufacturer_Part_Number in Part R8 Old=ERJ8CWFR024V New=
Change Value of Parameter Vendor in Part R8 Old=Panasonic New=
Change Value of Parameter Manufacturer_Part_Number in Part R9 Old=ERJ8CWFR024V New=
Change Value of Parameter Vendor in Part R9 Old=Panasonic New=
Change Value of Parameter Manufacturer_Part_Number in Part R13 Old=ERJ8CWFR024V New=
Change Value of Parameter Vendor in Part R13 Old=Panasonic New=
Change Value of Parameter Manufacturer_Part_Number in Part R16 Old=ERJ8CWFR024V New=RK73B1JTTD102J
Change Value of Parameter Vendor in Part R16 Old=Panasonic New=https://www.digikey.ca/product-detail/en/RK73B1JTTD102J/2019-RK73B1JTTD102JCT-ND/9846742/?itemSeq=321579792
Change Value of Parameter Manufacturer_Part_Number in Part R17 Old=ERJ8CWFR024V New=RK73B1JTTD102J
Change Value of Parameter Vendor in Part R17 Old=Panasonic New=https://www.digikey.ca/product-detail/en/RK73B1JTTD102J/2019-RK73B1JTTD102JCT-ND/9846742/?itemSeq=321579792
Change Value of Parameter Manufacturer_Part_Number in Part R18 Old=ERJ8CWFR024V New=
Change Value of Parameter Vendor in Part R18 Old=Panasonic New=
Change Value of Parameter Manufacturer_Part_Number in Part R19 Old=ERJ8CWFR024V New=
Change Value of Parameter Vendor in Part R19 Old=Panasonic New=
Change Value of Parameter Manufacturer_Part_Number in Part U1 Old=STM32F103C8T6 New=STM32F103C8T6TR
Change Value of Parameter Value in Part U1 Old=Value New=
Change Value of Parameter Vendor in Part U1 Old=STMicroelectronics New=https://www.digikey.ca/product-detail/en/stmicroelectronics/STM32F103C8T6TR/497-17666-1-ND/7804402
Change Value of Parameter Value in Part U3 Old=Value New=
Change Value of Parameter Datasheet Link in Part U4 Old=https://componentsearchengine.com/Datasheets/2/RT9193-28GB.pdf New=https://www.diodes.com/assets/Datasheets/AP2114.pdf
Change Value of Parameter Manufacturer_Name in Part U4 Old=RICHTEK New=https://www.diodes.com/assets/Datasheets/AP2114.pdf
Change Value of Parameter Manufacturer_Part_Number in Part U4 Old=RT9193-28GB New=AP2114H-3.3TRG1
Added Parameter Datasheet Link=http://www.koaspeer.com/pdfs/RK73B.pdf to Part R16
Added Parameter Datasheet Link=http://www.koaspeer.com/pdfs/RK73B.pdf to Part R17
Added Parameter Datasheet Link=https://www.digikey.ca/en/datasheets/rohm-semiconductor/rohm-semiconductor-mcr_g to Part R5
Added Parameter Datasheet Link=https://www.digikey.ca/en/datasheets/rohm-semiconductor/rohm-semiconductor-mcr_g to Part R7
Added Parameter Datasheet Link=https://www.seielect.com/catalog/sei-rmcf_rmcp.pdf to Part R3
Added Parameter Datasheet Link=https://www.seielect.com/catalog/sei-rmcf_rmcp.pdf to Part R4
Added Parameter Datasheet Link=https://www.st.com/resource/en/datasheet/stm32f103cb.pdf to Part U1
Added Parameter Excel Number=E-0029 to Part R5
Added Parameter Excel Number=E-0029 to Part R7
Added Parameter Excel Number=E-0033 to Part C2
Added Parameter Excel Number=E-0033 to Part C3
Added Parameter Excel Number=E-0033 to Part C4
Added Parameter Excel Number=E-0033 to Part C8
Added Parameter Excel Number=E-0033 to Part C10
Added Parameter Excel Number=E-0033 to Part C20
Added Parameter Excel Number=E-0033 to Part C21
Added Parameter Excel Number=E-0034 to Part C5
Added Parameter Excel Number=E-0034 to Part C6
Added Parameter Excel Number=E-0034 to Part C9
Added Parameter Manufacturer_Name=KOA Speer Electronics, Inc. to Part R16
Added Parameter Manufacturer_Name=KOA Speer Electronics, Inc. to Part R17
Added Parameter Manufacturer_Name=Rohm Semiconductor to Part R5
Added Parameter Manufacturer_Name=Rohm Semiconductor to Part R7
Added Parameter Manufacturer_Name=Stackpole Electronics Inc to Part R3
Added Parameter Manufacturer_Name=Stackpole Electronics Inc to Part R4
Added Parameter Manufacturer_Name=STMicroelectronics to Part U1
Added Parameter Manufacturer_Part_Number= to Part Y1
Added Parameter RefDes=RefDes to Part D1
Added Parameter RefDes=RefDes to Part RST
Added Parameter RefDes=RefDes to Part U4
Added Parameter RefDes=RefDes to Part Y1
Added Parameter Type=DEV to Part D1
Added Parameter Type=DEV to Part RST
Added Parameter Type=DEV to Part U4
Added Parameter Type=DEV to Part Y1
Added Parameter Value=8M to Part Y1
Added Parameter Vendor=https://www.digikey.ca/product-detail/en/diodes-incorporated/AP2114H-3.3TRG1/AP2114H-3.3TRG1DICT-ND/4505142 to Part U4
Added Parameter Vendor=https://www.digikey.ca/product-detail/en/jst-sales-america-inc/S5B-XH-A-1(LF)(SN)/455-4228-ND/9961924 to Part J2
Added Parameter Vendor=https://www.digikey.ca/product-detail/en/jst-sales-america-inc/S5B-XH-A-1(LF)(SN)/455-4228-ND/9961924 to Part J3
Added Parameter Vendor=https://www.digikey.ca/product-detail/en/w%C3%BCrth-elektronik/150505M173300/732-12000-2-ND/8557165 to Part D1
