Removed Parameter RefDes:RefDes from Part C2
Removed Parameter RefDes:RefDes from Part C3
Removed Parameter RefDes:RefDes from Part C4
Removed Parameter RefDes:RefDes from Part C5
Removed Parameter RefDes:RefDes from Part C6
Removed Parameter RefDes:RefDes from Part C7
Removed Parameter RefDes:RefDes from Part C8
Removed Parameter RefDes:RefDes from Part C9
Removed Parameter RefDes:RefDes from Part C10
Removed Parameter RefDes:RefDes from Part C11
Removed Parameter RefDes:RefDes from Part C12
Removed Parameter RefDes:RefDes from Part C20
Removed Parameter RefDes:RefDes from Part C21
Removed Parameter RefDes:RefDes from Part C22
Removed Parameter RefDes:RefDes from Part D1
Removed Parameter RefDes:RefDes from Part R1
Removed Parameter RefDes:RefDes from Part R3
Removed Parameter RefDes:RefDes from Part R4
Removed Parameter RefDes:RefDes from Part R5
Removed Parameter RefDes:RefDes from Part R6
Removed Parameter RefDes:RefDes from Part R7
Removed Parameter RefDes:RefDes from Part R8
Removed Parameter RefDes:RefDes from Part R9
Removed Parameter RefDes:RefDes from Part R13
Removed Parameter RefDes:RefDes from Part R16
Removed Parameter RefDes:RefDes from Part R17
Removed Parameter RefDes:RefDes from Part R18
Removed Parameter RefDes:RefDes from Part R19
Removed Parameter RefDes:RefDes from Part RST
Removed Parameter RefDes:RefDes from Part U1
Removed Parameter RefDes:RefDes from Part U3
Removed Parameter RefDes:RefDes from Part U4
Removed Parameter RefDes:RefDes from Part Y1
Removed Parameter Type:DEV from Part C2
Removed Parameter Type:DEV from Part C3
Removed Parameter Type:DEV from Part C4
Removed Parameter Type:DEV from Part C5
Removed Parameter Type:DEV from Part C6
Removed Parameter Type:DEV from Part C7
Removed Parameter Type:DEV from Part C8
Removed Parameter Type:DEV from Part C9
Removed Parameter Type:DEV from Part C10
Removed Parameter Type:DEV from Part C11
Removed Parameter Type:DEV from Part C12
Removed Parameter Type:DEV from Part C20
Removed Parameter Type:DEV from Part C21
Removed Parameter Type:DEV from Part C22
Removed Parameter Type:DEV from Part D1
Removed Parameter Type:DEV from Part R1
Removed Parameter Type:DEV from Part R3
Removed Parameter Type:DEV from Part R4
Removed Parameter Type:DEV from Part R5
Removed Parameter Type:DEV from Part R6
Removed Parameter Type:DEV from Part R7
Removed Parameter Type:DEV from Part R8
Removed Parameter Type:DEV from Part R9
Removed Parameter Type:DEV from Part R13
Removed Parameter Type:DEV from Part R16
Removed Parameter Type:DEV from Part R17
Removed Parameter Type:DEV from Part R18
Removed Parameter Type:DEV from Part R19
Removed Parameter Type:DEV from Part RST
Removed Parameter Type:DEV from Part U1
Removed Parameter Type:DEV from Part U3
Removed Parameter Type:DEV from Part U4
Removed Parameter Type:DEV from Part Y1
Change Value of Parameter Manufacturer_Part_Number in Part C7 Old= New=C0603C223K1RACTU
Change Value of Parameter Vendor in Part C7 Old= New=https://www.digikey.ca/product-detail/en/kemet/C0603C223K1RACTU/399-3476-1-ND/754769
Change Value of Parameter Manufacturer_Part_Number in Part C11 Old= New=C0603C220J1GACTU
Change Value of Parameter Vendor in Part C11 Old= New=https://www.digikey.ca/product-detail/en/kemet/C0603C220J1GACTU/399-7874-1-ND/3471597
Change Value of Parameter Manufacturer_Part_Number in Part C12 Old= New=C0603C220J1GACTU
Change Value of Parameter Vendor in Part C12 Old= New=https://www.digikey.ca/product-detail/en/kemet/C0603C220J1GACTU/399-7874-1-ND/3471597
Change Value of Parameter Manufacturer_Part_Number in Part C22 Old= New=C0603C475K9PACTU
Change Value of Parameter Vendor in Part C22 Old= New=https://www.digikey.ca/product-detail/en/kemet/C0603C475K9PACTU/399-3482-1-ND/754775
Change Value of Parameter Manufacturer_Part_Number in Part R1 Old= New=KDV06FR120ET
Change Value of Parameter Vendor in Part R1 Old= New=https://www.digikey.ca/en/products/detail/ohmite/KDV06FR120ET/10476537
Change Value of Parameter Manufacturer_Part_Number in Part R8 Old= New=CRCW060310M0FKEAC
Change Value of Parameter Vendor in Part R8 Old= New=https://www.digikey.ca/en/products/detail/vishay-dale/CRCW060310M0FKEAC/7928470
Change Value of Parameter Excel Number in Part U3 Old=E-0039 New=E-0039  
Change Value of Parameter Manufacturer_Part_Number in Part Y1 Old= New=ATS080B-E
Added Parameter Datasheet Link=http://www.vishay.com/docs/28773/crcwce3.pdf to Part R8
Added Parameter Datasheet Link=https://content.kemet.com/datasheets/KEM_C1002_X7R_SMD.pdf to Part C7
Added Parameter Datasheet Link=https://content.kemet.com/datasheets/KEM_C1003_C0G_SMD.pdf to Part C11
Added Parameter Datasheet Link=https://content.kemet.com/datasheets/KEM_C1003_C0G_SMD.pdf to Part C12
Added Parameter Datasheet Link=https://content.kemet.com/datasheets/KEM_C1006_X5R_SMD.pdf to Part C22
Added Parameter Datasheet Link=https://datasheets.maximintegrated.com/en/ds/MAX1487-MAX491.pdf to Part U3
Added Parameter Datasheet Link=https://www.ctscorp.com/wp-content/uploads/ATS-ATSSM.pdf to Part Y1
Added Parameter Datasheet Link=https://www.ohmite.com/assets/docs/res_kdv.pdf?r=false to Part R1
Added Parameter Excel Number=E-0014 to Part J2
Added Parameter Excel Number=E-0014 to Part J3
Added Parameter Excel Number=E-0040 to Part Y1
Added Parameter Excel Number=E-0041 to Part C11
Added Parameter Excel Number=E-0041 to Part C12
Added Parameter Excel Number=E-0042 to Part C7
Added Parameter Excel Number=E-0043 to Part C22
Added Parameter Excel Number=E-0044 to Part R1
Added Parameter Excel Number=E-0045 to Part R8
Added Parameter Manufacturer_Name=CTS-Frequency Controls to Part Y1
Added Parameter Manufacturer_Name=KEMET to Part C11
Added Parameter Manufacturer_Name=KEMET to Part C12
Added Parameter Manufacturer_Name=KEMET to Part C22
Added Parameter Manufacturer_Name=Maxim Integrated to Part U3
Added Parameter Manufacturer_Name=Ohmite to Part R1
Added Parameter Manufacturer_Name=Vishay Dale to Part R8
Added Parameter Vendor=https://www.digikey.ca/product-detail/en/cts-frequency-controls/ATS080B-E/CTX917-ND/2292902 to Part Y1
