Removed Pin From Net: NetName=5V Pin=C7-2
Removed Pin From Net: NetName=+3.3V Pin=R12-2
Removed Pin From Net: NetName=5V Pin=U4-1
Removed Pin From Net: NetName=GNDA Pin=U4-2
Removed Member From Class: ClassName=STM32 Member=R12
Removed Member From Class: ClassName=STM32 Member=U4
Change component parameters: Designator = "C7" ("C7"); Footprint = "0603"; UniqueID = "\EHCEEWNE" ("\EHCEEWNE")
Change component parameters (AddParameter): Name = "Built_By"; Value = "EMA_UL_Team"; VariantName = "[No Variations]"
Change component parameters (AddParameter): Name = "Copyright"; Value = "Copyright (C) 2018 Accelerated Designs. All rights reserved"; VariantName = "[No Variations]"
Change component parameters (AddParameter): Name = "Manufacturer_Part_Number"; Value = "12065A820JAT2A"; VariantName = "[No Variations]"
Change component parameters (AddParameter): Name = "RefDes"; Value = "RefDes"; VariantName = "[No Variations]"
Change component parameters (AddParameter): Name = "Type"; Value = "DEV"; VariantName = "[No Variations]"
Change component parameters (AddParameter): Name = "Value"; Value = "22nF"; VariantName = "[No Variations]"
Change component parameters (AddParameter): Name = "Vendor"; Value = "AVX Corporation"; VariantName = "[No Variations]"
Added Component: Designator=U?(SOT94P279X130-5N)
Add component (AddParameter): Name = "Datasheet Link"; Value = "https://componentsearchengine.com/Datasheets/2/RT9193-28GB.pdf"; VariantName = "[No Variations]"
Add component (AddParameter): Name = "Height"; Value = "1.295mm"; VariantName = "[No Variations]"
Add component (AddParameter): Name = "Manufacturer_Name"; Value = "RICHTEK"; VariantName = "[No Variations]"
Add component (AddParameter): Name = "Manufacturer_Part_Number"; Value = "RT9193-28GB"; VariantName = "[No Variations]"
Add component (AddParameter): Name = "Mouser Part Number"; Value = ""; VariantName = "[No Variations]"
Add component (AddParameter): Name = "Mouser Price/Stock"; Value = ""; VariantName = "[No Variations]"
Add component (AddParameter): Name = "RS Part Number"; Value = ""; VariantName = "[No Variations]"
Add component (AddParameter): Name = "RS Price/Stock"; Value = ""; VariantName = "[No Variations]"
Added Pin To Net: NetName=+3.3V Pin=C8-2
Added Pin To Net: NetName=+3.3V Pin=C9-2
Added Pin To Net: NetName=5V Pin=U?-1
Added Pin To Net: NetName=GNDA Pin=U?-2
Added Pin To Net: NetName=5V Pin=U?-3
Added Pin To Net: NetName=+3.3V Pin=U?-5
Added Pin To Net: NetName=NetC7_2 Pin=C7-2
Added Pin To Net: NetName=NetC7_2 Pin=U?-4
Added Net: Name=NetC7_2
Added Member To Class: ClassName=STM32 Member=Component * Pad
Added Member To Class: ClassName=STM32 Member=Component U? RT9193-28GB
