Change Component Footprint: Designator=D1 Old Footprint=DIODE-0.7 New Footprint=LED 5050
Change Component Comment : Designator=D1 Old Comment=D Zener New Comment=150505M173300
Change component parameters: Designator = "D1" ("D1"); Footprint = "DIODE-0.7"; UniqueID = "\PMCLGPIC" ("\PMCLGPIC")
Change component parameters (AddParameter): Name = "Datasheet Link"; Value = "https://katalog.we-online.de/led/datasheet/150505M173300.pdf"; VariantName = "[No Variations]"
Change component parameters (AddParameter): Name = "Height"; Value = "1.8mm"; VariantName = "[No Variations]"
Change component parameters (AddParameter): Name = "Manufacturer_Name"; Value = "Wurth Elektronik"; VariantName = "[No Variations]"
Change component parameters (AddParameter): Name = "Manufacturer_Part_Number"; Value = "150505M173300"; VariantName = "[No Variations]"
Change component parameters (AddParameter): Name = "Mouser Part Number"; Value = "710-150505M173300"; VariantName = "[No Variations]"
Change component parameters (AddParameter): Name = "Mouser Price/Stock"; Value = "https://www.mouser.com/Search/Refine.aspx?Keyword=710-150505M173300"; VariantName = "[No Variations]"
Change component parameters (AddParameter): Name = "RS Part Number"; Value = "1766248P"; VariantName = "[No Variations]"
Change component parameters (AddParameter): Name = "RS Price/Stock"; Value = "http://uk.rs-online.com/web/p/products/1766248P"; VariantName = "[No Variations]"
Added Component: Designator=J2(JST 5POS 2.5mm 90°)
Add component (AddParameter): Name = "Datasheet Link"; Value = "http://www.jst-mfg.com/product/pdf/eng/eXH.pdf"; VariantName = "[No Variations]"
Add component (AddParameter): Name = "Height"; Value = "6.1mm"; VariantName = "[No Variations]"
Add component (AddParameter): Name = "Manufacturer_Name"; Value = "JST (JAPAN SOLDERLESS TERMINALS)"; VariantName = "[No Variations]"
Add component (AddParameter): Name = "Manufacturer_Part_Number"; Value = "S5B-XH-A-1(LF)(SN)"; VariantName = "[No Variations]"
Add component (AddParameter): Name = "Mouser Part Number"; Value = ""; VariantName = "[No Variations]"
Add component (AddParameter): Name = "Mouser Price/Stock"; Value = ""; VariantName = "[No Variations]"
Add component (AddParameter): Name = "RS Part Number"; Value = ""; VariantName = "[No Variations]"
Add component (AddParameter): Name = "RS Price/Stock"; Value = ""; VariantName = "[No Variations]"
Added Component: Designator=J3(JST 5POS 2.5mm 90°)
Add component (AddParameter): Name = "Datasheet Link"; Value = "http://www.jst-mfg.com/product/pdf/eng/eXH.pdf"; VariantName = "[No Variations]"
Add component (AddParameter): Name = "Height"; Value = "6.1mm"; VariantName = "[No Variations]"
Add component (AddParameter): Name = "Manufacturer_Name"; Value = "JST (JAPAN SOLDERLESS TERMINALS)"; VariantName = "[No Variations]"
Add component (AddParameter): Name = "Manufacturer_Part_Number"; Value = "S5B-XH-A-1(LF)(SN)"; VariantName = "[No Variations]"
Add component (AddParameter): Name = "Mouser Part Number"; Value = ""; VariantName = "[No Variations]"
Add component (AddParameter): Name = "Mouser Price/Stock"; Value = ""; VariantName = "[No Variations]"
Add component (AddParameter): Name = "RS Part Number"; Value = ""; VariantName = "[No Variations]"
Add component (AddParameter): Name = "RS Price/Stock"; Value = ""; VariantName = "[No Variations]"
Added Component: Designator=J6(JST 4POS 2.5mm 90°)
Add component (AddParameter): Name = "Datasheet Link"; Value = "http://www.jst-mfg.com/product/pdf/eng/eXH.pdf"; VariantName = "[No Variations]"
Add component (AddParameter): Name = "Height"; Value = "7mm"; VariantName = "[No Variations]"
Add component (AddParameter): Name = "Manufacturer_Name"; Value = "JST (JAPAN SOLDERLESS TERMINALS)"; VariantName = "[No Variations]"
Add component (AddParameter): Name = "Manufacturer_Part_Number"; Value = "S4B-XH-A(LF)(SN)"; VariantName = "[No Variations]"
Add component (AddParameter): Name = "Mouser Part Number"; Value = ""; VariantName = "[No Variations]"
Add component (AddParameter): Name = "Mouser Price/Stock"; Value = ""; VariantName = "[No Variations]"
Add component (AddParameter): Name = "RS Part Number"; Value = "8201589P"; VariantName = "[No Variations]"
Add component (AddParameter): Name = "RS Price/Stock"; Value = "http://uk.rs-online.com/web/p/products/8201589P"; VariantName = "[No Variations]"
Added Component: Designator=U3(DIP 8 - 3D)
Add component (AddParameter): Name = "Built_By"; Value = "EMA_UL_Team"; VariantName = "[No Variations]"
Add component (AddParameter): Name = "Copyright"; Value = "Copyright (C) 2018 Accelerated Designs. All rights reserved"; VariantName = "[No Variations]"
Add component (AddParameter): Name = "Manufacturer_Part_Number"; Value = "MAX485CPA+"; VariantName = "[No Variations]"
Add component (AddParameter): Name = "RefDes"; Value = "RefDes"; VariantName = "[No Variations]"
Add component (AddParameter): Name = "Type"; Value = "DEV"; VariantName = "[No Variations]"
Add component (AddParameter): Name = "Value"; Value = "Value"; VariantName = "[No Variations]"
Add component (AddParameter): Name = "Vendor"; Value = "Maxim Integrated Products"; VariantName = "[No Variations]"
Added Pin To Net: NetName=GNDA Pin=C1-1
Added Pin To Net: NetName=+3.3V Pin=C1-2
Added Pin To Net: NetName=GNDA Pin=C2-1
Added Pin To Net: NetName=+3.3V Pin=C2-2
Added Pin To Net: NetName=GNDA Pin=C3-1
Added Pin To Net: NetName=+3.3V Pin=C3-2
Added Pin To Net: NetName=GNDA Pin=C4-1
Added Pin To Net: NetName=+3.3V Pin=C4-2
Added Pin To Net: NetName=GNDA Pin=C5-1
Added Pin To Net: NetName=5V Pin=C5-2
Added Pin To Net: NetName=GNDA Pin=C6-1
Added Pin To Net: NetName=+3.3V Pin=C6-2
Added Pin To Net: NetName=GNDA Pin=C7-1
Added Pin To Net: NetName=5V Pin=C7-2
Added Pin To Net: NetName=GNDA Pin=C8-1
Added Pin To Net: NetName=NetC8_2 Pin=C8-2
Added Pin To Net: NetName=GNDA Pin=C9-1
Added Pin To Net: NetName=NetC8_2 Pin=C9-2
Added Pin To Net: NetName=GNDA Pin=C10-1
Added Pin To Net: NetName=5V Pin=C10-2
Added Pin To Net: NetName=GNDA Pin=C11-1
Added Pin To Net: NetName=XTAL1_IN Pin=C11-2
Added Pin To Net: NetName=GNDA Pin=C12-1
Added Pin To Net: NetName=XTAL1_OUT Pin=C12-2
Added Pin To Net: NetName=VCP Pin=C13-1
Added Pin To Net: NetName=12v Pin=C13-2
Added Pin To Net: NetName=GNDA Pin=C14-1
Added Pin To Net: NetName=5VOUT Pin=C14-2
Added Pin To Net: NetName=GNDA Pin=C16-1
Added Pin To Net: NetName=12v Pin=C16-2
Added Pin To Net: NetName=GNDA Pin=C17-1
Added Pin To Net: NetName=12v Pin=C17-2
Added Pin To Net: NetName=GNDA Pin=C18-1
Added Pin To Net: NetName=12v Pin=C18-2
Added Pin To Net: NetName=GNDA Pin=C19-1
Added Pin To Net: NetName=5V Pin=C19-2
Added Pin To Net: NetName=GNDA Pin=C20-1
Added Pin To Net: NetName=NRST Pin=C20-2
Added Pin To Net: NetName=LEDB Pin=D1-1
Added Pin To Net: NetName=LEDR Pin=D1-3
Added Pin To Net: NetName=LEDG Pin=D1-5
Added Pin To Net: NetName=GNDA Pin=J1-1
Added Pin To Net: NetName=SWCLK Pin=J1-2
Added Pin To Net: NetName=SWDIO Pin=J1-3
Added Pin To Net: NetName=NetJ1_4 Pin=J1-4
Added Pin To Net: NetName=12v Pin=J2-1
Added Pin To Net: NetName=5V Pin=J2-2
Added Pin To Net: NetName=A+ Pin=J2-3
Added Pin To Net: NetName=B- Pin=J2-4
Added Pin To Net: NetName=GNDA Pin=J2-5
Added Pin To Net: NetName=12v Pin=J3-1
Added Pin To Net: NetName=5V Pin=J3-2
Added Pin To Net: NetName=A+ Pin=J3-3
Added Pin To Net: NetName=B- Pin=J3-4
Added Pin To Net: NetName=GNDA Pin=J3-5
Added Pin To Net: NetName=GNDA Pin=J4-1
Added Pin To Net: NetName=NetJ4_2 Pin=J4-2
Added Pin To Net: NetName=+3.3V Pin=J5-1
Added Pin To Net: NetName=+3.3V Pin=J5-2
Added Pin To Net: NetName=BOOT0 Pin=J5-3
Added Pin To Net: NetName=BOOT1 Pin=J5-4
Added Pin To Net: NetName=GNDA Pin=J5-5
Added Pin To Net: NetName=GNDA Pin=J5-6
Added Pin To Net: NetName=OA1 Pin=J6-1
Added Pin To Net: NetName=OA2 Pin=J6-2
Added Pin To Net: NetName=OB1 Pin=J6-3
Added Pin To Net: NetName=OB2 Pin=J6-4
Added Pin To Net: NetName=FAN Pin=Q1-1
Added Pin To Net: NetName=12v Pin=Q1-2
Added Pin To Net: NetName=NetJ4_2 Pin=Q1-3
Added Pin To Net: NetName=12v Pin=Q1-4
Added Pin To Net: NetName=B- Pin=R1-1
Added Pin To Net: NetName=A+ Pin=R1-2
Added Pin To Net: NetName=5V Pin=R2-1
Added Pin To Net: NetName=NetR2_2 Pin=R2-2
Added Pin To Net: NetName=NetR3_1 Pin=R3-1
Added Pin To Net: NetName=BOOT1 Pin=R3-2
Added Pin To Net: NetName=BOOT0 Pin=R4-1
Added Pin To Net: NetName=NetR4_2 Pin=R4-2
Added Pin To Net: NetName=+3.3V Pin=R5-2
Added Pin To Net: NetName=+3.3V Pin=R6-2
Added Pin To Net: NetName=+3.3V Pin=R7-2
Added Pin To Net: NetName=XTAL1_IN Pin=R8-1
Added Pin To Net: NetName=XTAL1_OUT Pin=R8-2
Added Pin To Net: NetName=NetJ1_4 Pin=R9-1
Added Pin To Net: NetName=+3.3V Pin=R9-2
Added Pin To Net: NetName=GNDA Pin=R10-1
Added Pin To Net: NetName=FAN Pin=R10-2
Added Pin To Net: NetName=NetR11_1 Pin=R11-1
Added Pin To Net: NetName=5VOUT Pin=R11-2
Added Pin To Net: NetName=NetC8_2 Pin=R12-1
Added Pin To Net: NetName=+3.3V Pin=R12-2
Added Pin To Net: NetName=NRST Pin=S1-1
Added Pin To Net: NetName=GNDA Pin=S1-2
Added Pin To Net: NetName=+3.3V Pin=U1-1
Added Pin To Net: NetName=XTAL1_IN Pin=U1-5
Added Pin To Net: NetName=XTAL1_OUT Pin=U1-6
Added Pin To Net: NetName=NRST Pin=U1-7
Added Pin To Net: NetName=GNDA Pin=U1-8
Added Pin To Net: NetName=+3.3V Pin=U1-9
Added Pin To Net: NetName=NetU1_10 Pin=U1-10
Added Pin To Net: NetName=NetU1_11 Pin=U1-11
Added Pin To Net: NetName=NetU1_12 Pin=U1-12
Added Pin To Net: NetName=NetU1_13 Pin=U1-13
Added Pin To Net: NetName=NetU1_14 Pin=U1-14
Added Pin To Net: NetName=NetU1_15 Pin=U1-15
Added Pin To Net: NetName=NetU1_16 Pin=U1-16
Added Pin To Net: NetName=NetU1_17 Pin=U1-17
Added Pin To Net: NetName=NetU1_18 Pin=U1-18
Added Pin To Net: NetName=NetR3_1 Pin=U1-20
Added Pin To Net: NetName=TX Pin=U1-21
Added Pin To Net: NetName=RX Pin=U1-22
Added Pin To Net: NetName=GNDA Pin=U1-23
Added Pin To Net: NetName=+3.3V Pin=U1-24
Added Pin To Net: NetName=RXTX_EN Pin=U1-25
Added Pin To Net: NetName=FAN Pin=U1-33
Added Pin To Net: NetName=SWDIO Pin=U1-34
Added Pin To Net: NetName=GNDA Pin=U1-35
Added Pin To Net: NetName=+3.3V Pin=U1-36
Added Pin To Net: NetName=SWCLK Pin=U1-37
Added Pin To Net: NetName=LEDR Pin=U1-41
Added Pin To Net: NetName=LEDG Pin=U1-42
Added Pin To Net: NetName=LEDB Pin=U1-43
Added Pin To Net: NetName=NetR4_2 Pin=U1-44
Added Pin To Net: NetName=NetU1_45 Pin=U1-45
Added Pin To Net: NetName=NetU1_46 Pin=U1-46
Added Pin To Net: NetName=GNDA Pin=U1-47
Added Pin To Net: NetName=+3.3V Pin=U1-48
Added Pin To Net: NetName=GNDA Pin=U2-1
Added Pin To Net: NetName=GNDA Pin=U2-2
Added Pin To Net: NetName=NetU1_10 Pin=U2-3
Added Pin To Net: NetName=NetU1_15 Pin=U2-4
Added Pin To Net: NetName=NetU1_17 Pin=U2-5
Added Pin To Net: NetName=NetU1_16 Pin=U2-7
Added Pin To Net: NetName=NetU1_13 Pin=U2-8
Added Pin To Net: NetName=NetU1_14 Pin=U2-9
Added Pin To Net: NetName=+3.3V Pin=U2-10
Added Pin To Net: NetName=GNDA Pin=U2-13
Added Pin To Net: NetName=OB1 Pin=U2-15
Added Pin To Net: NetName=GNDA Pin=U2-17
Added Pin To Net: NetName=OB2 Pin=U2-19
Added Pin To Net: NetName=12v Pin=U2-21
Added Pin To Net: NetName=NetU1_45 Pin=U2-26
Added Pin To Net: NetName=NetU1_46 Pin=U2-27
Added Pin To Net: NetName=NetU1_12 Pin=U2-29
Added Pin To Net: NetName=GNDA Pin=U2-32
Added Pin To Net: NetName=NetR11_1 Pin=U2-33
Added Pin To Net: NetName=5V Pin=U2-34
Added Pin To Net: NetName=CPO Pin=U2-35
Added Pin To Net: NetName=CPI Pin=U2-37
Added Pin To Net: NetName=VCP Pin=U2-38
Added Pin To Net: NetName=12v Pin=U2-39
Added Pin To Net: NetName=12v Pin=U2-40
Added Pin To Net: NetName=OA2 Pin=U2-42
Added Pin To Net: NetName=GNDA Pin=U2-44
Added Pin To Net: NetName=OA1 Pin=U2-46
Added Pin To Net: NetName=GNDA Pin=U2-48
Added Pin To Net: NetName=GNDA Pin=U2-EPAD
Added Pin To Net: NetName=RX Pin=U3-1
Added Pin To Net: NetName=RXTX_EN Pin=U3-2
Added Pin To Net: NetName=RXTX_EN Pin=U3-3
Added Pin To Net: NetName=TX Pin=U3-4
Added Pin To Net: NetName=GNDA Pin=U3-5
Added Pin To Net: NetName=B- Pin=U3-6
Added Pin To Net: NetName=A+ Pin=U3-7
Added Pin To Net: NetName=5V Pin=U3-8
Added Pin To Net: NetName=5V Pin=U4-1
Added Pin To Net: NetName=GNDA Pin=U4-2
Added Pin To Net: NetName=NetC8_2 Pin=U4-3
Added Pin To Net: NetName=+3.3V Pin=U5-1
Added Pin To Net: NetName=GNDA Pin=U5-2
Added Pin To Net: NetName=NetU1_11 Pin=U5-3
Added Pin To Net: NetName=NetU1_18 Pin=U6-1
Added Pin To Net: NetName=NetR2_2 Pin=U6-2
Added Pin To Net: NetName=GNDA Pin=U6-3
Added Pin To Net: NetName=XTAL1_IN Pin=Y1-1
Added Pin To Net: NetName=XTAL1_OUT Pin=Y1-2
Added Pin To Net: NetName=NetD1_2 Pin=D1-2
Added Pin To Net: NetName=NetD1_2 Pin=R5-1
Added Net: Name=NetD1_2
Added Pin To Net: NetName=NetD1_4 Pin=D1-4
Added Pin To Net: NetName=NetD1_4 Pin=R6-1
Added Net: Name=NetD1_4
Added Pin To Net: NetName=NetD1_6 Pin=D1-6
Added Pin To Net: NetName=NetD1_6 Pin=R7-1
Added Net: Name=NetD1_6
Added Member To Class: ClassName=TMC2130 Member=Component C1 Capacitor 1206
Added Member To Class: ClassName=STM32 Member=Component C2 Capacitor 1206
Added Member To Class: ClassName=STM32 Member=Component C3 Capacitor 1206
Added Member To Class: ClassName=STM32 Member=Component C4 Capacitor 1206
Added Member To Class: ClassName=STM32 Member=Component C5 Capacitor 1206
Added Member To Class: ClassName=STM32 Member=Component C6 Capacitor 1206
Added Member To Class: ClassName=STM32 Member=Component C7 Capacitor 1206
Added Member To Class: ClassName=STM32 Member=Component C8 Capacitor 1206
Added Member To Class: ClassName=STM32 Member=Component C9 Capacitor 1206
Added Member To Class: ClassName=STM32 Member=Component C10 Capacitor 1206
Added Member To Class: ClassName=STM32 Member=Component C11 Capacitor 1206
Added Member To Class: ClassName=STM32 Member=Component C12 Capacitor 1206
Added Member To Class: ClassName=TMC2130 Member=Component C13 Capacitor 1206
Added Member To Class: ClassName=TMC2130 Member=Component C14 Capacitor 1206
Added Member To Class: ClassName=TMC2130 Member=Component C15 Capacitor 1206
Added Member To Class: ClassName=TMC2130 Member=Component C16 Capacitor 1206
Added Member To Class: ClassName=TMC2130 Member=Component C17 Capacitor 1206
Added Member To Class: ClassName=TMC2130 Member=Component C18 Capacitor 1206
Added Member To Class: ClassName=TMC2130 Member=Component C19 Capacitor 1206
Added Member To Class: ClassName=STM32 Member=Component C20 Capacitor 1206
Added Member To Class: ClassName=STM32 Member=Component D1 150505M173300
Added Member To Class: ClassName=STM32 Member=Component J1 SWD
Added Member To Class: ClassName=STM32 Member=Component J2 IN
Added Member To Class: ClassName=STM32 Member=Component J3 OUT
Added Member To Class: ClassName=STM32 Member=Component J4 FAN
Added Member To Class: ClassName=STM32 Member=Component J5 BOOT
Added Member To Class: ClassName=TMC2130 Member=Component J6 MOTOR
Added Member To Class: ClassName=STM32 Member=Component Q1 MOSFET N-CH
Added Member To Class: ClassName=STM32 Member=Component R1 Resistor 1206
Added Member To Class: ClassName=TMC2130 Member=Component R2 Resistor 1206
Added Member To Class: ClassName=STM32 Member=Component R3 Resistor 1206
Added Member To Class: ClassName=STM32 Member=Component R4 Resistor 1206
Added Member To Class: ClassName=STM32 Member=Component R5 Resistor 1206
Added Member To Class: ClassName=STM32 Member=Component R6 Resistor 1206
Added Member To Class: ClassName=STM32 Member=Component R7 Resistor 1206
Added Member To Class: ClassName=STM32 Member=Component R8 Resistor 1206
Added Member To Class: ClassName=STM32 Member=Component R9 Resistor 1206
Added Member To Class: ClassName=STM32 Member=Component R10 Resistor 1206
Added Member To Class: ClassName=TMC2130 Member=Component R11 Resistor 1206
Added Member To Class: ClassName=STM32 Member=Component R12 Resistor 1206
Added Member To Class: ClassName=STM32 Member=Component S1 SW-PB
Added Member To Class: ClassName=STM32 Member=Component U1 STM32F103C8T6
Added Member To Class: ClassName=TMC2130 Member=Component U2 TMC2130-TA
Added Member To Class: ClassName=STM32 Member=Component U3 Part Number: MAX485CPA+
Added Member To Class: ClassName=STM32 Member=Component U4 Volt Reg 3.3v
Added Member To Class: ClassName=TMC2130 Member=Component U5 AH372-P-B
Added Member To Class: ClassName=TMC2130 Member=Component U6 LM335Z
Added Member To Class: ClassName=STM32 Member=Component Y1 8M
