Removed Member From Class: ClassName=STM32 Member=*
Added Component: Designator=P1(PAD)
Added Component: Designator=P2(PAD)
Added Component: Designator=R12(0603)
Add component (AddParameter): Name = "Built_By"; Value = "EMA_Cory"; VariantName = "[No Variations]"
Add component (AddParameter): Name = "Copyright"; Value = "Copyright (C) 2018 Accelerated Designs. All rights reserved"; VariantName = "[No Variations]"
Add component (AddParameter): Name = "Manufacturer_Part_Number"; Value = "ERJ8CWFR024V"; VariantName = "[No Variations]"
Add component (AddParameter): Name = "RefDes"; Value = "RefDes"; VariantName = "[No Variations]"
Add component (AddParameter): Name = "Type"; Value = "DEV"; VariantName = "[No Variations]"
Add component (AddParameter): Name = "Value"; Value = "?K"; VariantName = "[No Variations]"
Add component (AddParameter): Name = "Vendor"; Value = "Panasonic"; VariantName = "[No Variations]"
Added Pin To Net: NetName=5V Pin=R12-1
Change Net Name : Old Net Name=GNDA New Net Name=GND
Added Pin To Net: NetName=NetR12_2 Pin=R12-2
Added Pin To Net: NetName=NetR12_2 Pin=U2-30
Added Net: Name=NetR12_2
Added Pin To Net: NetName=NetU1_26 Pin=U1-26
Added Pin To Net: NetName=NetU1_26 Pin=U2-23
Added Net: Name=NetU1_26
Added Pin To Net: NetName=NetU1_27 Pin=U1-27
Added Pin To Net: NetName=NetU1_27 Pin=U2-24
Added Net: Name=NetU1_27
Added Pin To Net: NetName=NetU1_28 Pin=U1-28
Added Pin To Net: NetName=NetU1_28 Pin=U2-25
Added Net: Name=NetU1_28
Added Member To Class: ClassName=STM32 Member=Component P1 Pad
Added Member To Class: ClassName=STM32 Member=Component P2 Pad
Added Member To Class: ClassName=TMC2130 Member=Component R12 Resistor 1206
