Removed Member From Class: ClassName=STM32 Member=J4
Removed Member From Class: ClassName=STM32 Member=Q1
Removed Member From Class: ClassName=STM32 Member=R10
Change Component Comment : Designator=D1 Old Comment=150505M173300 New Comment=LED RGB 5050
Change Component Comment : Designator=C1 Old Comment=Capacitor 1206 New Comment=Capacitor SMD
Change Component Comment : Designator=C2 Old Comment=Capacitor 1206 New Comment=Capacitor SMD
Change Component Comment : Designator=C3 Old Comment=Capacitor 1206 New Comment=Capacitor SMD
Change Component Comment : Designator=C4 Old Comment=Capacitor 1206 New Comment=Capacitor SMD
Change Component Comment : Designator=C5 Old Comment=Capacitor 1206 New Comment=Capacitor SMD
Change Component Comment : Designator=C6 Old Comment=Capacitor 1206 New Comment=Capacitor SMD
Change Component Comment : Designator=C7 Old Comment=Capacitor 1206 New Comment=Capacitor SMD
Change Component Comment : Designator=C8 Old Comment=Capacitor 1206 New Comment=Capacitor SMD
Change Component Comment : Designator=C9 Old Comment=Capacitor 1206 New Comment=Capacitor SMD
Change Component Comment : Designator=C10 Old Comment=Capacitor 1206 New Comment=Capacitor SMD
Change Component Comment : Designator=C11 Old Comment=Capacitor 1206 New Comment=Capacitor SMD
Change Component Comment : Designator=C12 Old Comment=Capacitor 1206 New Comment=Capacitor SMD
Change Component Comment : Designator=C13 Old Comment=Capacitor 1206 New Comment=Capacitor SMD
Change Component Comment : Designator=C14 Old Comment=Capacitor 1206 New Comment=Capacitor SMD
Change Component Comment : Designator=C15 Old Comment=Capacitor 1206 New Comment=Capacitor SMD
Change Component Comment : Designator=C16 Old Comment=Capacitor 1206 New Comment=Capacitor SMD
Change Component Comment : Designator=C17 Old Comment=Capacitor 1206 New Comment=Capacitor SMD
Change Component Comment : Designator=C18 Old Comment=Capacitor 1206 New Comment=Capacitor SMD
Change Component Comment : Designator=C19 Old Comment=Capacitor 1206 New Comment=Capacitor SMD
Change Component Comment : Designator=C20 Old Comment=Capacitor 1206 New Comment=Capacitor SMD
Change Component Comment : Designator=J2 Old Comment=IN New Comment=MAIN_IN
Change Component Comment : Designator=R9 Old Comment=Jumper 0603 New Comment=Resistor 0603
Change Component Comment : Designator=R13 Old Comment=Jumper 0603 New Comment=Resistor 0603
Change Component Comment : Designator=J3 Old Comment=OUT New Comment=MAIN_OUT
Change Component Comment : Designator=RST Old Comment=PAD New Comment=PAD RST
Change Component Comment : Designator=R2 Old Comment=Resistor 1206 New Comment=Resistor 0603
Change Component Comment : Designator=R3 Old Comment=Resistor 1206 New Comment=Resistor 0603
Change Component Comment : Designator=R4 Old Comment=Resistor 1206 New Comment=Resistor 0603
Change Component Comment : Designator=J1 Old Comment=SWD New Comment=SWD-PROG
Change Component Designator: OldDesignator=R1 NewDesignator=R
Change component parameters: Designator = "C14" ("C14"); Footprint = "0603"; UniqueID = "\RFYZBAGU" ("\RFYZBAGU")
Change component parameters (AddParameter): Name = "Built_By"; Value = "EMA_UL_Team"; VariantName = "[No Variations]"
Change component parameters (AddParameter): Name = "Copyright"; Value = "Copyright (C) 2018 Accelerated Designs. All rights reserved"; VariantName = "[No Variations]"
Change component parameters (AddParameter): Name = "Manufacturer_Part_Number"; Value = "12065A820JAT2A"; VariantName = "[No Variations]"
Change component parameters (AddParameter): Name = "RefDes"; Value = "RefDes"; VariantName = "[No Variations]"
Change component parameters (AddParameter): Name = "Type"; Value = "DEV"; VariantName = "[No Variations]"
Change component parameters (AddParameter): Name = "Value"; Value = "0.1uF"; VariantName = "[No Variations]"
Change component parameters (AddParameter): Name = "Vendor"; Value = "AVX Corporation"; VariantName = "[No Variations]"
Change component parameters: Designator = "C15" ("C15"); Footprint = "0603"; UniqueID = "\EWVBXMFP" ("\EWVBXMFP")
Change component parameters (AddParameter): Name = "Built_By"; Value = "EMA_UL_Team"; VariantName = "[No Variations]"
Change component parameters (AddParameter): Name = "Copyright"; Value = "Copyright (C) 2018 Accelerated Designs. All rights reserved"; VariantName = "[No Variations]"
Change component parameters (AddParameter): Name = "Manufacturer_Part_Number"; Value = "12065A820JAT2A"; VariantName = "[No Variations]"
Change component parameters (AddParameter): Name = "RefDes"; Value = "RefDes"; VariantName = "[No Variations]"
Change component parameters (AddParameter): Name = "Type"; Value = "DEV"; VariantName = "[No Variations]"
Change component parameters (AddParameter): Name = "Value"; Value = "0.1uF"; VariantName = "[No Variations]"
Change component parameters (AddParameter): Name = "Vendor"; Value = "AVX Corporation"; VariantName = "[No Variations]"
Change component parameters: Designator = "C16" ("C16"); Footprint = "0603"; UniqueID = "\UCDRSHLG" ("\UCDRSHLG")
Change component parameters (AddParameter): Name = "Built_By"; Value = "EMA_UL_Team"; VariantName = "[No Variations]"
Change component parameters (AddParameter): Name = "Copyright"; Value = "Copyright (C) 2018 Accelerated Designs. All rights reserved"; VariantName = "[No Variations]"
Change component parameters (AddParameter): Name = "Manufacturer_Part_Number"; Value = "12065A820JAT2A"; VariantName = "[No Variations]"
Change component parameters (AddParameter): Name = "RefDes"; Value = "RefDes"; VariantName = "[No Variations]"
Change component parameters (AddParameter): Name = "Type"; Value = "DEV"; VariantName = "[No Variations]"
Change component parameters (AddParameter): Name = "Value"; Value = "0.1uF"; VariantName = "[No Variations]"
Change component parameters (AddParameter): Name = "Vendor"; Value = "AVX Corporation"; VariantName = "[No Variations]"
Change component parameters: Designator = "C19" ("C19"); Footprint = "0603"; UniqueID = "\KTJALSNY" ("\KTJALSNY")
Change component parameters (AddParameter): Name = "Built_By"; Value = "EMA_UL_Team"; VariantName = "[No Variations]"
Change component parameters (AddParameter): Name = "Copyright"; Value = "Copyright (C) 2018 Accelerated Designs. All rights reserved"; VariantName = "[No Variations]"
Change component parameters (AddParameter): Name = "Manufacturer_Part_Number"; Value = "12065A820JAT2A"; VariantName = "[No Variations]"
Change component parameters (AddParameter): Name = "RefDes"; Value = "RefDes"; VariantName = "[No Variations]"
Change component parameters (AddParameter): Name = "Type"; Value = "DEV"; VariantName = "[No Variations]"
Change component parameters (AddParameter): Name = "Value"; Value = "0.1uF"; VariantName = "[No Variations]"
Change component parameters (AddParameter): Name = "Vendor"; Value = "AVX Corporation"; VariantName = "[No Variations]"
Change component parameters: Designator = "R1" ("R"); Footprint = "0603"; UniqueID = "\SNHIHZIN" ("\SNHIHZIN")
Change component parameters (AddParameter): Name = "Built_By"; Value = "EMA_Cory"; VariantName = "[No Variations]"
Change component parameters (AddParameter): Name = "Copyright"; Value = "Copyright (C) 2018 Accelerated Designs. All rights reserved"; VariantName = "[No Variations]"
Change component parameters (AddParameter): Name = "Manufacturer_Part_Number"; Value = "ERJ8CWFR024V"; VariantName = "[No Variations]"
Change component parameters (AddParameter): Name = "RefDes"; Value = "RefDes"; VariantName = "[No Variations]"
Change component parameters (AddParameter): Name = "Type"; Value = "DEV"; VariantName = "[No Variations]"
Change component parameters (AddParameter): Name = "Value"; Value = "120R"; VariantName = "[No Variations]"
Change component parameters (AddParameter): Name = "Vendor"; Value = "Panasonic"; VariantName = "[No Variations]"
Change component parameters: Designator = "R2" ("R2"); Footprint = "0603"; UniqueID = "\KXOMQNRA" ("\KXOMQNRA")
Change component parameters (AddParameter): Name = "Built_By"; Value = "EMA_Cory"; VariantName = "[No Variations]"
Change component parameters (AddParameter): Name = "Copyright"; Value = "Copyright (C) 2018 Accelerated Designs. All rights reserved"; VariantName = "[No Variations]"
Change component parameters (AddParameter): Name = "Manufacturer_Part_Number"; Value = "ERJ8CWFR024V"; VariantName = "[No Variations]"
Change component parameters (AddParameter): Name = "RefDes"; Value = "RefDes"; VariantName = "[No Variations]"
Change component parameters (AddParameter): Name = "Type"; Value = "DEV"; VariantName = "[No Variations]"
Change component parameters (AddParameter): Name = "Value"; Value = "?K"; VariantName = "[No Variations]"
Change component parameters (AddParameter): Name = "Vendor"; Value = "Panasonic"; VariantName = "[No Variations]"
Change component parameters: Designator = "R8" ("R8"); Footprint = "0603"; UniqueID = "\MCIOEGPI" ("\MCIOEGPI")
Change component parameters (AddParameter): Name = "Built_By"; Value = "EMA_Cory"; VariantName = "[No Variations]"
Change component parameters (AddParameter): Name = "Copyright"; Value = "Copyright (C) 2018 Accelerated Designs. All rights reserved"; VariantName = "[No Variations]"
Change component parameters (AddParameter): Name = "Manufacturer_Part_Number"; Value = "ERJ8CWFR024V"; VariantName = "[No Variations]"
Change component parameters (AddParameter): Name = "RefDes"; Value = "RefDes"; VariantName = "[No Variations]"
Change component parameters (AddParameter): Name = "Type"; Value = "DEV"; VariantName = "[No Variations]"
Change component parameters (AddParameter): Name = "Value"; Value = "10M"; VariantName = "[No Variations]"
Change component parameters (AddParameter): Name = "Vendor"; Value = "Panasonic"; VariantName = "[No Variations]"
Added Pin To Net: NetName=NetR2_2 Pin=U1-18
Added Member To Class: ClassName=TMC2130 Member=Component J4 FAN
Added Member To Class: ClassName=TMC2130 Member=Component Q1 MOSFET N-CH
Added Member To Class: ClassName=TMC2130 Member=Component R10 Resistor 0603
