Removed Parameter RefDes:RefDes from Part C1
Removed Parameter RefDes:RefDes from Part C13
Removed Parameter RefDes:RefDes from Part C14
Removed Parameter RefDes:RefDes from Part C15
Removed Parameter RefDes:RefDes from Part C16
Removed Parameter RefDes:RefDes from Part C17
Removed Parameter RefDes:RefDes from Part C18
Removed Parameter RefDes:RefDes from Part C19
Removed Parameter RefDes:RefDes from Part C23
Removed Parameter RefDes:RefDes from Part R2
Removed Parameter RefDes:RefDes from Part R10
Removed Parameter RefDes:RefDes from Part R11
Removed Parameter RefDes:RefDes from Part R12
Removed Parameter RefDes:RefDes from Part R14
Removed Parameter RefDes:RefDes from Part R15
Removed Parameter RefDes:RefDes from Part U2
Removed Parameter RefDes:RefDes from Part U5
Removed Parameter RefDes:RefDes from Part U6
Removed Parameter Type:DEV from Part C1
Removed Parameter Type:DEV from Part C13
Removed Parameter Type:DEV from Part C14
Removed Parameter Type:DEV from Part C15
Removed Parameter Type:DEV from Part C16
Removed Parameter Type:DEV from Part C17
Removed Parameter Type:DEV from Part C18
Removed Parameter Type:DEV from Part C19
Removed Parameter Type:DEV from Part C23
Removed Parameter Type:DEV from Part R2
Removed Parameter Type:DEV from Part R10
Removed Parameter Type:DEV from Part R11
Removed Parameter Type:DEV from Part R12
Removed Parameter Type:DEV from Part R14
Removed Parameter Type:DEV from Part R15
Removed Parameter Type:DEV from Part U2
Removed Parameter Type:DEV from Part U5
Removed Parameter Type:DEV from Part U6
Added Parameter Datasheet Link=https://assets.nexperia.com/documents/data-sheet/BUK9880-55A.pdf to Part Q1
Added Parameter Excel Number=E-0007 to Part Q1
Added Parameter Excel Number=E-0012 to Part J6
Added Parameter Manufacturer_Name=Nexperia USA Inc. to Part Q1
Added Parameter Manufacturer_Part_Number=BUK9880-55A/CUX to Part Q1
Added Parameter Vendor=https://www.digikey.ca/product-detail/en/nexperia-usa-inc/BUK9880-55A-CUX/1727-2230-1-ND/5361200 to Part Q1
