Change Value of Parameter Built_By in Part C1 Old=EMA_UL_Team New=Luka & Émile
Change Value of Parameter Copyright in Part C1 Old=Copyright (C) 2018 Accelerated Designs. All rights reserved New=Luka & Émile
Change Value of Parameter Manufacturer_Part_Number in Part C1 Old=12065A820JAT2A New=
Change Value of Parameter RefDes in Part C1 Old=RefDes New=C0603C104Z3VACTU
Change Value of Parameter Built_By in Part C13 Old=EMA_UL_Team New=Luka & Émile
Change Value of Parameter Copyright in Part C13 Old=Copyright (C) 2018 Accelerated Designs. All rights reserved New=Luka & Émile
Change Value of Parameter Manufacturer_Part_Number in Part C13 Old=12065A820JAT2A New=
Change Value of Parameter RefDes in Part C13 Old=RefDes New=C0603C104Z3VACTU
Change Value of Parameter Built_By in Part C14 Old=EMA_UL_Team New=Luka & Émile
Change Value of Parameter Copyright in Part C14 Old=Copyright (C) 2018 Accelerated Designs. All rights reserved New=Luka & Émile
Change Value of Parameter Manufacturer_Part_Number in Part C14 Old=12065A820JAT2A New=
Change Value of Parameter RefDes in Part C14 Old=RefDes New=C0603C104Z3VACTU
Change Value of Parameter Built_By in Part C15 Old=EMA_UL_Team New=Luka & Émile
Change Value of Parameter Copyright in Part C15 Old=Copyright (C) 2018 Accelerated Designs. All rights reserved New=Luka & Émile
Change Value of Parameter Manufacturer_Part_Number in Part C15 Old=12065A820JAT2A New=
Change Value of Parameter RefDes in Part C15 Old=RefDes New=C0603C104Z3VACTU
Change Value of Parameter Built_By in Part C16 Old=EMA_UL_Team New=Luka & Émile
Change Value of Parameter Copyright in Part C16 Old=Copyright (C) 2018 Accelerated Designs. All rights reserved New=Luka & Émile
Change Value of Parameter Manufacturer_Part_Number in Part C16 Old=12065A820JAT2A New=
Change Value of Parameter RefDes in Part C16 Old=RefDes New=C0603C104Z3VACTU
Change Value of Parameter Built_By in Part C17 Old=EMA_UL_Team New=Luka & Émile
Change Value of Parameter Copyright in Part C17 Old=Copyright (C) 2018 Accelerated Designs. All rights reserved New=Luka & Émile
Change Value of Parameter Manufacturer_Part_Number in Part C17 Old=12065A820JAT2A New=
Change Value of Parameter RefDes in Part C17 Old=RefDes New=C0603C104Z3VACTU
Change Value of Parameter Built_By in Part C18 Old=EMA_UL_Team New=Luka & Émile
Change Value of Parameter Copyright in Part C18 Old=Copyright (C) 2018 Accelerated Designs. All rights reserved New=Luka & Émile
Change Value of Parameter Manufacturer_Part_Number in Part C18 Old=12065A820JAT2A New=
Change Value of Parameter RefDes in Part C18 Old=RefDes New=C0603C104Z3VACTU
Change Value of Parameter Built_By in Part C19 Old=EMA_UL_Team New=Luka & Émile
Change Value of Parameter Copyright in Part C19 Old=Copyright (C) 2018 Accelerated Designs. All rights reserved New=Luka & Émile
Change Value of Parameter Manufacturer_Part_Number in Part C19 Old=12065A820JAT2A New=
Change Value of Parameter RefDes in Part C19 Old=RefDes New=C0603C104Z3VACTU
Change Value of Parameter Built_By in Part C23 Old=EMA_UL_Team New=Luka & Émile
Change Value of Parameter Copyright in Part C23 Old=Copyright (C) 2018 Accelerated Designs. All rights reserved New=Luka & Émile
Change Value of Parameter Manufacturer_Part_Number in Part C23 Old=12065A820JAT2A New=
Change Value of Parameter RefDes in Part C23 Old=RefDes New=C0603C104Z3VACTU
Change Value of Parameter Built_By in Part R2 Old=EMA_Cory New=Luka & Émile
Change Value of Parameter Copyright in Part R2 Old=Copyright (C) 2018 Accelerated Designs. All rights reserved New=Luka & Émile
Change Value of Parameter Built_By in Part R10 Old=EMA_Cory New=Luka & Émile
Change Value of Parameter Copyright in Part R10 Old=Copyright (C) 2018 Accelerated Designs. All rights reserved New=Luka & Émile
Change Value of Parameter Built_By in Part R11 Old=EMA_Cory New=Luka & Émile
Change Value of Parameter Copyright in Part R11 Old=Copyright (C) 2018 Accelerated Designs. All rights reserved New=Luka & Émile
Change Value of Parameter Built_By in Part R12 Old=EMA_Cory New=Luka & Émile
Change Value of Parameter Copyright in Part R12 Old=Copyright (C) 2018 Accelerated Designs. All rights reserved New=Luka & Émile
Change Value of Parameter Built_By in Part R14 Old=EMA_Cory New=Luka & Émile
Change Value of Parameter Copyright in Part R14 Old=Copyright (C) 2018 Accelerated Designs. All rights reserved New=Luka & Émile
Change Value of Parameter Built_By in Part R15 Old=EMA_Cory New=Luka & Émile
Change Value of Parameter Copyright in Part R15 Old=Copyright (C) 2018 Accelerated Designs. All rights reserved New=Luka & Émile
Change Value of Parameter Built_By in Part U2 Old=EMA_Jessica New=Luka & Émile
Change Value of Parameter Copyright in Part U2 Old=Copyright (C) 2016 Accelerated Designs. All rights reserved New=Luka & Émile
Change Value of Parameter Built_By in Part U6 Old=EMA_UL_Team New=Luka & Émile
Change Value of Parameter Copyright in Part U6 Old=Copyright (C) 2018 Accelerated Designs. All rights reserved New=Luka & Émile
Added Parameter Built_By=Luka & Émile to Part J4
Added Parameter Built_By=Luka & Émile to Part J6
Added Parameter Built_By=Luka & Émile to Part Q1
Added Parameter Built_By=Luka & Émile to Part U5
Added Parameter Copyright=Luka & Émile to Part J4
Added Parameter Copyright=Luka & Émile to Part J6
Added Parameter Copyright=Luka & Émile to Part Q1
Added Parameter Copyright=Luka & Émile to Part U5
Added Parameter Datasheet Link=https://content.kemet.com/datasheets/KEM_C1005_Y5V_SMD.pdf to Part C1
Added Parameter Datasheet Link=https://content.kemet.com/datasheets/KEM_C1005_Y5V_SMD.pdf to Part C13
Added Parameter Datasheet Link=https://content.kemet.com/datasheets/KEM_C1005_Y5V_SMD.pdf to Part C14
Added Parameter Datasheet Link=https://content.kemet.com/datasheets/KEM_C1005_Y5V_SMD.pdf to Part C15
Added Parameter Datasheet Link=https://content.kemet.com/datasheets/KEM_C1005_Y5V_SMD.pdf to Part C16
Added Parameter Datasheet Link=https://content.kemet.com/datasheets/KEM_C1005_Y5V_SMD.pdf to Part C17
Added Parameter Datasheet Link=https://content.kemet.com/datasheets/KEM_C1005_Y5V_SMD.pdf to Part C18
Added Parameter Datasheet Link=https://content.kemet.com/datasheets/KEM_C1005_Y5V_SMD.pdf to Part C19
Added Parameter Datasheet Link=https://content.kemet.com/datasheets/KEM_C1005_Y5V_SMD.pdf to Part C23
Added Parameter Manufacturer_Name=KEMET to Part C1
Added Parameter Manufacturer_Name=KEMET to Part C13
Added Parameter Manufacturer_Name=KEMET to Part C14
Added Parameter Manufacturer_Name=KEMET to Part C15
Added Parameter Manufacturer_Name=KEMET to Part C16
Added Parameter Manufacturer_Name=KEMET to Part C17
Added Parameter Manufacturer_Name=KEMET to Part C18
Added Parameter Manufacturer_Name=KEMET to Part C19
Added Parameter Manufacturer_Name=KEMET to Part C23
